{"numTotalTestSuites":3,"numPassedTestSuites":3,"numFailedTestSuites":0,"numPendingTestSuites":0,"numTotalTests":7,"numPassedTests":7,"numFailedTests":0,"numPendingTests":0,"numTodoTests":0,"snapshot":{"added":0,"failure":false,"filesAdded":0,"filesRemoved":0,"filesRemovedList":[],"filesUnmatched":0,"filesUpdated":0,"matched":0,"total":0,"unchecked":0,"uncheckedKeysByFile":[],"unmatched":0,"updated":0,"didUpdate":false},"startTime":1780362830787,"success":true,"testResults":[{"assertionResults":[{"ancestorTitles":["TrellisClient (local mode)"],"fullName":"TrellisClient (local mode) opens a repo and creates an issue","status":"passed","title":"opens a repo and creates an issue","duration":6.389333000000079,"failureMessages":[],"meta":{}},{"ancestorTitles":["TrellisClient (local mode)"],"fullName":"TrellisClient (local mode) emits reactive updates via subscribe","status":"passed","title":"emits reactive updates via subscribe","duration":3.391958000000045,"failureMessages":[],"meta":{}},{"ancestorTitles":["TrellisClient (local mode)"],"fullName":"TrellisClient (local mode) emits op events for new ops","status":"passed","title":"emits op events for new ops","duration":3.2565419999999676,"failureMessages":[],"meta":{}},{"ancestorTitles":["TrellisClient (local mode)"],"fullName":"TrellisClient (local mode) maps lane shorthand to laneId in issue id","status":"passed","title":"maps lane shorthand to laneId in issue id","duration":2.3907910000000356,"failureMessages":[],"meta":{}},{"ancestorTitles":["TrellisClient (local mode)"],"fullName":"TrellisClient (local mode) exposes signals for framework adapters","status":"passed","title":"exposes signals for framework adapters","duration":3.0540829999999914,"failureMessages":[],"meta":{}},{"ancestorTitles":["TrellisClient (room sync)"],"fullName":"TrellisClient (room sync) propagates issues to peers via room relay without manual sync","status":"passed","title":"propagates issues to peers via room relay without manual sync","duration":156.00070800000003,"failureMessages":[],"meta":{}},{"ancestorTitles":["TrellisClient (room sync)"],"fullName":"TrellisClient (room sync) reports sync status through subscribe","status":"passed","title":"reports sync status through subscribe","duration":1.0743330000000242,"failureMessages":[],"meta":{}}],"startTime":1780362831778,"endTime":1780362831953.0742,"status":"passed","message":"","name":"/Users/trentbrew/TURTLE/Projects/TRELLIS/trellis-node/test/client/vcs-client.test.ts"}]}